<?xml version="1.0" encoding="UTF-8" ?>
<testsuite tests="2" failures="0" name="com.fis.cas.aligne.json_validator.jsonjava.HTTPIntegrationTest" time="0" errors="0" skipped="0">
  <properties>
[...]
</properties>
  <testcase classname="com.fis.cas.aligne.json_validator.jsonjava.HTTPIntegrationTest" name="givenHTTPHeader_thenConvertToJSONObject" time="0"/>
  <testcase classname="com.fis.cas.aligne.json_validator.jsonjava.HTTPIntegrationTest" name="givenJSONObject_thenConvertToHTTPHeader" time="0"/>
</testsuite>